1 -> Chúng ta nên cân bằng và vận dụng cả trực giác và lý trí
2 -> Chúng ta không nên để quá khứ ảnh hưởng đến quyết định trong hiện tại
3 -> Mức độ biến thiên của những phỏng đoán, hay mức độ nhạy cảm với thay đổi
4 -> Mọi người đánh giá ý tưởng đó trước khi liệt kê nó ra
5 -> Bắt đầu xét đến các tiêu chí sẽ tốt hơn nếu có
6 -> Phân tích tình hình, xác định vấn đề cần giải quyết, tìm hiểu nguyên do gốc rễ, đưa ra các giải pháp, đánh giá và lựa chọn giải pháp, xem xét rủi ro đi kèm giải pháp
7 -> Phân nhánh nguyên nhân, chuỗi những nguyên nhân
8 -> Số lượng hơn chất lượng, Không phán xét hay đánh giá ý tưởng của nhau, Càng có nhiều ý tưởng điên rồ càng tốt, Xây dựng dựa trên ý tưởng của nhau
9 -> Điểm ra quyết định cuối cùng, Điểm cơ hội, Điểm kết quả cuối cùng
10 -> Vài cây bút lông, một tấm bảng trắng hay một mặt phẳng nào đó có thể dán giấy lên được như tấm vách kính trong phòng hay khung cửa sổ đều được. Và cuối cùng, là một vài sấp giấy ghi chú Post-it.
11 -> Lợi ích lâu dài của giải pháp
12 -> Quy trách nhiệm về bộ phận quản lý cấp cao để đưa ra quyết định xử lý phù hợp
13 -> 6
14 -> Từ 3 đến 5 câu
15 -> Các yếu tố lợi ích và hạn chế của các lựa chọn
16 -> Nếu Nó thật sự không quan trọng thì bỏ qua, tung đồng xu, chọn việc dễ để làm, giao lại quyết định
17 -> Thậm chí khi chúng ta chỉ giải quyết được 20% nguyên nhân, thì hết 80% các vấn đề của doanh nghiệp sẽ được xử lý
18 -> Không cho phép chúng ta nhìn ra sự liên kết giữa các biểu hiện và các giải pháp khả thi là gì.
19 -> Lợi ích lâu dài của giải pháp
20 -> Xác định nguyên nhân gốc rễ phù hợp, Độ trễ và chất lượng của phản hồi, là những dấu hiệu cho biết có vấn đề xảy ra cần giải quyết, Đưa vấn đề vào trong bức tranh toàn cảnh của hệ thống để giải quyết
21 -> Lựa chọn giải pháp đáp ứng được mức độ tối thiểu, Lựa chọn giải pháp đáp ứng được mức đội hài lòng, Lựa chọn giải pháp đáp ứng được mức độ quan trọng và mức độ hài lòng, Lựa chọn giải pháp dựa trên tổng điểm của mỗi giải pháp
22 -> Brainstorm, Mindmap
23 -> Đảm bảo rằng bạn đang so sánh các lựa chọn bằng những tiêu chí giống nhau
24 -> Số lượng hơn chất lượng, Không phán xét hay đánh giá ý tưởng của nhau, Càng có nhiều ý tưởng điên rồ càng tốt, Xây dựng dựa trên ý tưởng của nhau
25 -> Nêu ra nhiều ý kiến nhất có thể, không kể đến chất lượng và tính khả thi của ý tưởng, đánh giá từng ý tưởng một để loại trừ ra những ý tưởng không phù hợp
26 -> Không phù hợp với những vấn đề quá phức tạp vì sơ đồ sẽ rất cồng kềnh
27 -> Dùng logic để đánh giá và dùng trực giác để sáng tạo ra các ý tưởng
28 -> Tính hệ thống và độ trì trệ của thời gian
29 -> Có nhiều nguyên nhân khác nhau
30 -> Xác định đúng vấn đề cần giải quyết
